<?xml version="1.0" encoding="UTF-8"?>
<!-- Generated by org.testng.reporters.JUnitXMLReporter -->
<testsuite ignored="8" hostname="Akshay" failures="0" tests="1" name="Default test" time="9.707" errors="0" timestamp="2024-12-05T21:13:53 CST">
  <testcase classname="com.tests.LoginTestTN" name="verifyLoginButtonWithInvalidDetailsTest" time="1.252"/>
  <testcase classname="com.tests.LoginTestTN" name="verifyLoginButtonWithEmailTest" time="0.0">
    <ignored/>
  </testcase> <!-- verifyLoginButtonWithEmailTest -->
  <testcase classname="com.tests.LoginTestTN" name="verifyLoginPageContinueButtonNavigationTest" time="0.0">
    <ignored/>
  </testcase> <!-- verifyLoginPageContinueButtonNavigationTest -->
  <testcase classname="com.tests.LoginTestTN" name="verifyLoginButtonWithoutAnyTest" time="0.0">
    <ignored/>
  </testcase> <!-- verifyLoginButtonWithoutAnyTest -->
  <testcase classname="com.tests.LoginTestTN" name="verifyLoginMainTitleTest" time="0.0">
    <ignored/>
  </testcase> <!-- verifyLoginMainTitleTest -->
  <testcase classname="com.tests.LoginTestTN" name="verifyLoginSubTitleTest" time="0.0">
    <ignored/>
  </testcase> <!-- verifyLoginSubTitleTest -->
  <testcase classname="com.tests.LoginTestTN" name="verifyTitleDisplayedTest" time="0.0">
    <ignored/>
  </testcase> <!-- verifyTitleDisplayedTest -->
  <testcase classname="com.tests.LoginTestTN" name="verifyLoginButtonWithPasswordTest" time="0.0">
    <ignored/>
  </testcase> <!-- verifyLoginButtonWithPasswordTest -->
  <testcase classname="com.tests.LoginTestTN" name="verifyLoginButtonWithAllDetailsTest" time="0.0">
    <ignored/>
  </testcase> <!-- verifyLoginButtonWithAllDetailsTest -->
</testsuite> <!-- Default test -->
