<?xml version="1.0" encoding="UTF-8"?>
<!-- Generated by org.testng.reporters.JUnitXMLReporter -->
<testsuite ignored="0" hostname="Akshay" failures="1" tests="1" name="Test" time="8.142" errors="0" timestamp="2024-12-04T16:02:16 CST">
  <testcase classname="com.tests.LogoutTestTN" name="verifyTitleDisplayedTest" time="0.916">
    <failure type="java.lang.AssertionError" message="expected [Account Logoutt] but found [Account Logout]">
      <![CDATA[java.lang.AssertionError: expected [Account Logoutt] but found [Account Logout]
at com.tests.LogoutTestTN.verifyTitleDisplayedTest(LogoutTestTN.java:27)
at java.base/java.util.ArrayList.forEach(ArrayList.java:1596)
... Removed 31 stack frames]]>
    </failure>
  </testcase> <!-- verifyTitleDisplayedTest -->
</testsuite> <!-- Test -->
