<?xml version="1.0" encoding="UTF-8"?>
<!-- Generated by org.testng.reporters.JUnitXMLReporter -->
<testsuite ignored="0" hostname="Akshay" failures="0" tests="50" name="Test" time="567.079" errors="0" timestamp="2024-12-05T21:29:40 CST">
  <testcase classname="com.tests.RegisterTestTN" name="verifyTitleDisplayedTest" time="0.046"/>
  <testcase classname="com.tests.RegisterTestTN" name="verifyRegisterAccountMainTitleTest" time="0.056"/>
  <testcase classname="com.tests.RegisterTestTN" name="verifyRegisterAccountSubTitleTest" time="0.032"/>
  <testcase classname="com.tests.RegisterTestTN" name="verifyRegisterButtonWithoutAnyDetails" time="0.968"/>
  <testcase classname="com.tests.RegisterTestTN" name="verifyRegisterButtonWithFirstName" time="1.068"/>
  <testcase classname="com.tests.RegisterTestTN" name="verifyRegisterButtonWithLastName" time="0.827"/>
  <testcase classname="com.tests.RegisterTestTN" name="verifyRegisterButtonWithEmail" time="0.815"/>
  <testcase classname="com.tests.RegisterTestTN" name="verifyRegisterButtonWithTelephone" time="0.748"/>
  <testcase classname="com.tests.RegisterTestTN" name="verifyRegisterButtonWithPassword" time="0.685"/>
  <testcase classname="com.tests.RegisterTestTN" name="verifyRegisterButtonWithConfirmPassword" time="0.845"/>
  <testcase classname="com.tests.RegisterTestTN" name="verifyRegisterButtonWithPrivacyPolicy" time="1.07"/>
  <testcase classname="com.tests.RegisterTestTN" name="verifyRegisterButtonWithoutFirstname" time="1.213"/>
  <testcase classname="com.tests.RegisterTestTN" name="verifyRegisterButtonWithoutLastname" time="0.998"/>
  <testcase classname="com.tests.RegisterTestTN" name="verifyRegisterButtonWithoutEmail" time="1.134"/>
  <testcase classname="com.tests.RegisterTestTN" name="verifyRegisterButtonWithoutTelephone" time="1.064"/>
  <testcase classname="com.tests.RegisterTestTN" name="verifyRegisterButtonWithoutPassword" time="1.388"/>
  <testcase classname="com.tests.RegisterTestTN" name="verifyRegisterButtonWithoutConfirmPassword" time="0.997"/>
  <testcase classname="com.tests.RegisterTestTN" name="verifyRegisterButtonWithoutPrivacyPolicy" time="1.031"/>
  <testcase classname="com.tests.RegisterTestTN" name="verifyRegisterButtonWithAllDetails" time="2.349"/>
  <testcase classname="com.tests.LoginTestTN" name="verifyTitleDisplayedTest" time="0.014"/>
  <testcase classname="com.tests.LoginTestTN" name="verifyLoginMainTitleTest" time="0.053"/>
  <testcase classname="com.tests.LoginTestTN" name="verifyLoginSubTitleTest" time="0.045"/>
  <testcase classname="com.tests.LoginTestTN" name="verifyLoginButtonWithoutAnyTest" time="0.727"/>
  <testcase classname="com.tests.LoginTestTN" name="verifyLoginButtonWithEmailTest" time="1.756"/>
  <testcase classname="com.tests.LoginTestTN" name="verifyLoginButtonWithPasswordTest" time="1.003"/>
  <testcase classname="com.tests.LoginTestTN" name="verifyLoginButtonWithInvalidDetailsTest" time="1.076"/>
  <testcase classname="com.tests.LoginTestTN" name="verifyLoginPageContinueButtonNavigationTest" time="1.107"/>
  <testcase classname="com.tests.LoginTestTN" name="verifyLoginButtonWithAllDetailsTest" time="2.038"/>
  <testcase classname="com.tests.HomeTestTN" name="verifyItemCartScenarioEmptyTest" time="0.319"/>
  <testcase classname="com.tests.HomeTestTN" name="verifyComponentDropDownTest" time="1.338"/>
  <testcase classname="com.tests.HomeTestTN" name="verifyFeatureIphoneNavigationTest" time="3.568"/>
  <testcase classname="com.tests.HomeTestTN" name="verifyInvalidsearchFeature" time="0.999"/>
  <testcase classname="com.tests.HomeTestTN" name="verifyValidsearchFeature" time="1.219"/>
  <testcase classname="com.tests.WishListTestTN" name="verifyTitleDisplayedTest" time="0.494"/>
  <testcase classname="com.tests.WishListTestTN" name="verifyWishListPageMainTitleTest" time="0.503"/>
  <testcase classname="com.tests.WishListTestTN" name="verifyWishListPageSubTitleTest" time="0.473"/>
  <testcase classname="com.tests.WishListTestTN" name="verifyAddToWishListTest" time="1.907"/>
  <testcase classname="com.tests.WishListTestTN" name="verifyAddToWishListRemoveTest" time="3.34"/>
  <testcase classname="com.tests.CheckoutTestTN" name="verifyTitleDisplayedTest" time="3.881"/>
  <testcase classname="com.tests.CheckoutTestTN" name="verifyCheckOutFlowTest" time="9.726">
    <skipped/>
  </testcase> <!-- verifyCheckOutFlowTest -->
  <testcase classname="com.tests.CheckoutTestTN" name="verifyCheckOutFlowTest" time="10.542"/>
  <testcase classname="com.tests.OrderHistoryTestTN" name="verifyTitleDisplayedTest" time="0.61"/>
  <testcase classname="com.tests.OrderHistoryTestTN" name="verifyOrderHistoryTest" time="1.138"/>
  <testcase classname="com.tests.ProductReturnTestTN" name="verifyTitleDisplayedTest" time="2.045"/>
  <testcase classname="com.tests.ProductReturnTestTN" name="verifyProductReturnTest" time="4.38"/>
  <testcase classname="com.tests.ShoppingCartTestTN" name="verifyTitleDisplayedTest" time="0.709"/>
  <testcase classname="com.tests.ShoppingCartTestTN" name="verifyUpdateQuantityTest" time="1.59"/>
  <testcase classname="com.tests.ShoppingCartTestTN" name="verifyEstimateShippingAndTexasTest" time="20.348"/>
  <testcase classname="com.tests.ShoppingCartTestTN" name="verifyCheckoutButtonTest" time="1.069"/>
  <testcase classname="com.tests.LogoutTestTN" name="verifyTitleDisplayedTest" time="3.019"/>
</testsuite> <!-- Test -->
