<?xml version="1.0" encoding="UTF-8"?>
<testsuite xmlns:xsi="http://www.w3.org/2001/XMLSchema-instance" xsi:noNamespaceSchemaLocation="https://maven.apache.org/surefire/maven-surefire-plugin/xsd/surefire-test-report.xsd" version="3.0.2" name="TestSuite" time="464.154" tests="52" errors="0" skipped="3" failures="1">
  <properties>
[...]
</properties>
  <testcase name="verifyTitleDisplayedTest" classname="com.tests.RegisterTestTN" time="0.39"/>
  <testcase name="verifyRegisterAccountMainTitleTest" classname="com.tests.RegisterTestTN" time="0.618"/>
  <testcase name="verifyRegisterAccountSubTitleTest" classname="com.tests.RegisterTestTN" time="0.403"/>
  <testcase name="verifyRegisterButtonWithoutAnyDetails" classname="com.tests.RegisterTestTN" time="1.411"/>
  <testcase name="verifyRegisterButtonWithFirstName" classname="com.tests.RegisterTestTN" time="0.973"/>
  <testcase name="verifyRegisterButtonWithLastName" classname="com.tests.RegisterTestTN" time="1.103"/>
  <testcase name="verifyRegisterButtonWithEmail" classname="com.tests.RegisterTestTN" time="1.082"/>
  <testcase name="verifyRegisterButtonWithTelephone" classname="com.tests.RegisterTestTN" time="0.978"/>
  <testcase name="verifyRegisterButtonWithPassword" classname="com.tests.RegisterTestTN" time="0.998"/>
  <testcase name="verifyRegisterButtonWithConfirmPassword" classname="com.tests.RegisterTestTN" time="1.12"/>
  <testcase name="verifyRegisterButtonWithPrivacyPolicy" classname="com.tests.RegisterTestTN" time="2.186"/>
  <testcase name="verifyRegisterButtonWithoutFirstname" classname="com.tests.RegisterTestTN" time="1.413"/>
  <testcase name="verifyRegisterButtonWithoutLastname" classname="com.tests.RegisterTestTN" time="1.227"/>
  <testcase name="verifyRegisterButtonWithoutEmail" classname="com.tests.RegisterTestTN" time="1.211"/>
  <testcase name="verifyRegisterButtonWithoutTelephone" classname="com.tests.RegisterTestTN" time="1.289"/>
  <testcase name="verifyRegisterButtonWithoutPassword" classname="com.tests.RegisterTestTN" time="1.227"/>
  <testcase name="verifyRegisterButtonWithoutConfirmPassword" classname="com.tests.RegisterTestTN" time="1.184"/>
  <testcase name="verifyRegisterButtonWithoutPrivacyPolicy" classname="com.tests.RegisterTestTN" time="1.242"/>
  <testcase name="verifyRegisterButtonWithAllDetails" classname="com.tests.RegisterTestTN" time="2.417"/>
  <testcase name="verifyTitleDisplayedTest" classname="com.tests.LoginTestTN" time="0.395"/>
  <testcase name="verifyLoginMainTitleTest" classname="com.tests.LoginTestTN" time="0.42"/>
  <testcase name="verifyLoginSubTitleTest" classname="com.tests.LoginTestTN" time="0.377"/>
  <testcase name="verifyLoginButtonWithoutAnyTest" classname="com.tests.LoginTestTN" time="1.15"/>
  <testcase name="verifyLoginButtonWithEmailTest" classname="com.tests.LoginTestTN" time="1.194"/>
  <testcase name="verifyLoginButtonWithPasswordTest" classname="com.tests.LoginTestTN" time="1.347"/>
  <testcase name="verifyLoginButtonWithInvalidDetailsTest" classname="com.tests.LoginTestTN" time="0.0">
    <skipped message="expected [Warning: No match for E-Mail Address and/or Password.] but found [Warning: Your account has exceeded allowed number of login attempts. Please try again in 1 hour.]"/>
  </testcase>
  <testcase name="verifyLoginButtonWithInvalidDetailsTest" classname="com.tests.LoginTestTN" time="0.0">
    <skipped message="expected [Warning: No match for E-Mail Address and/or Password.] but found [Warning: Your account has exceeded allowed number of login attempts. Please try again in 1 hour.]"/>
  </testcase>
  <testcase name="verifyLoginButtonWithInvalidDetailsTest" classname="com.tests.LoginTestTN" time="0.0">
    <skipped message="expected [Warning: No match for E-Mail Address and/or Password.] but found [Warning: Your account has exceeded allowed number of login attempts. Please try again in 1 hour.]"/>
  </testcase>
  <testcase name="verifyLoginButtonWithInvalidDetailsTest" classname="com.tests.LoginTestTN" time="1.149">
    <failure message="expected [Warning: No match for E-Mail Address and/or Password.] but found [Warning: Your account has exceeded allowed number of login attempts. Please try again in 1 hour.]" type="java.lang.AssertionError"><![CDATA[java.lang.AssertionError: expected [Warning: No match for E-Mail Address and/or Password.] but found [Warning: Your account has exceeded allowed number of login attempts. Please try again in 1 hour.]
	at org.testng.Assert.fail(Assert.java:111)
	at org.testng.Assert.failNotEquals(Assert.java:1578)
	at org.testng.Assert.assertEqualsImpl(Assert.java:150)
	at org.testng.Assert.assertEquals(Assert.java:132)
	at org.testng.Assert.assertEquals(Assert.java:656)
	at org.testng.Assert.assertEquals(Assert.java:666)
	at com.tests.LoginTestTN.verifyLoginButtonWithInvalidDetailsTest(LoginTestTN.java:70)
	at java.base/jdk.internal.reflect.DirectMethodHandleAccessor.invoke(DirectMethodHandleAccessor.java:103)
	at java.base/java.lang.reflect.Method.invoke(Method.java:580)
	at org.testng.internal.invokers.MethodInvocationHelper.invokeMethod(MethodInvocationHelper.java:141)
	at org.testng.internal.invokers.TestInvoker.invokeMethod(TestInvoker.java:686)
	at org.testng.internal.invokers.TestInvoker.retryFailed(TestInvoker.java:269)
	at org.testng.internal.invokers.MethodRunner.runInSequence(MethodRunner.java:76)
	at org.testng.internal.invokers.TestInvoker$MethodInvocationAgent.invoke(TestInvoker.java:992)
	at org.testng.internal.invokers.TestInvoker.invokeTestMethods(TestInvoker.java:203)
	at org.testng.internal.invokers.TestMethodWorker.invokeTestMethods(TestMethodWorker.java:154)
	at org.testng.internal.invokers.TestMethodWorker.run(TestMethodWorker.java:134)
	at java.base/java.util.ArrayList.forEach(ArrayList.java:1596)
	at org.testng.TestRunner.privateRun(TestRunner.java:739)
	at org.testng.TestRunner.run(TestRunner.java:614)
	at org.testng.SuiteRunner.runTest(SuiteRunner.java:421)
	at org.testng.SuiteRunner.runSequentially(SuiteRunner.java:413)
	at org.testng.SuiteRunner.privateRun(SuiteRunner.java:373)
	at org.testng.SuiteRunner.run(SuiteRunner.java:312)
	at org.testng.SuiteRunnerWorker.runSuite(SuiteRunnerWorker.java:52)
	at org.testng.SuiteRunnerWorker.run(SuiteRunnerWorker.java:95)
	at org.testng.TestNG.runSuitesSequentially(TestNG.java:1274)
	at org.testng.TestNG.runSuitesLocally(TestNG.java:1208)
	at org.testng.TestNG.runSuites(TestNG.java:1112)
	at org.testng.TestNG.run(TestNG.java:1079)
	at org.apache.maven.surefire.testng.TestNGExecutor.run(TestNGExecutor.java:308)
	at org.apache.maven.surefire.testng.TestNGXmlTestSuite.execute(TestNGXmlTestSuite.java:71)
	at org.apache.maven.surefire.testng.TestNGProvider.invoke(TestNGProvider.java:113)
	at org.apache.maven.surefire.booter.ForkedBooter.runSuitesInProcess(ForkedBooter.java:385)
	at org.apache.maven.surefire.booter.ForkedBooter.execute(ForkedBooter.java:162)
	at org.apache.maven.surefire.booter.ForkedBooter.run(ForkedBooter.java:507)
	at org.apache.maven.surefire.booter.ForkedBooter.main(ForkedBooter.java:495)
]]></failure>
  </testcase>
  <testcase name="verifyLoginPageContinueButtonNavigationTest" classname="com.tests.LoginTestTN" time="1.794"/>
  <testcase name="verifyLoginButtonWithAllDetailsTest" classname="com.tests.LoginTestTN" time="1.742"/>
  <testcase name="verifyItemCartScenarioEmptyTest" classname="com.tests.HomeTestTN" time="0.572"/>
  <testcase name="verifyComponentDropDownTest" classname="com.tests.HomeTestTN" time="1.664"/>
  <testcase name="verifyFeatureIphoneNavigationTest" classname="com.tests.HomeTestTN" time="2.239"/>
  <testcase name="verifyInvalidsearchFeature" classname="com.tests.HomeTestTN" time="1.425"/>
  <testcase name="verifyValidsearchFeature" classname="com.tests.HomeTestTN" time="1.667"/>
  <testcase name="verifyTitleDisplayedTest" classname="com.tests.WishListTestTN" time="0.785"/>
  <testcase name="verifyWishListPageMainTitleTest" classname="com.tests.WishListTestTN" time="0.881"/>
  <testcase name="verifyWishListPageSubTitleTest" classname="com.tests.WishListTestTN" time="0.842"/>
  <testcase name="verifyAddToWishListTest" classname="com.tests.WishListTestTN" time="2.164"/>
  <testcase name="verifyAddToWishListRemoveTest" classname="com.tests.WishListTestTN" time="3.661"/>
  <testcase name="verifyTitleDisplayedTest" classname="com.tests.CheckoutTestTN" time="4.683"/>
  <testcase name="verifyCheckOutFlowTest" classname="com.tests.CheckoutTestTN" time="10.596"/>
  <testcase name="verifyTitleDisplayedTest" classname="com.tests.OrderHistoryTestTN" time="0.869"/>
  <testcase name="verifyOrderHistoryTest" classname="com.tests.OrderHistoryTestTN" time="1.275"/>
  <testcase name="verifyTitleDisplayedTest" classname="com.tests.ProductReturnTestTN" time="2.918"/>
  <testcase name="verifyProductReturnTest" classname="com.tests.ProductReturnTestTN" time="4.281"/>
  <testcase name="verifyTitleDisplayedTest" classname="com.tests.ShoppingCartTestTN" time="1.164"/>
  <testcase name="verifyUpdateQuantityTest" classname="com.tests.ShoppingCartTestTN" time="1.722"/>
  <testcase name="verifyEstimateShippingAndTexasTest" classname="com.tests.ShoppingCartTestTN" time="18.767"/>
  <testcase name="verifyCheckoutButtonTest" classname="com.tests.ShoppingCartTestTN" time="1.275"/>
  <testcase name="verifyTitleDisplayedTest[sundarakshayqq@gmail.com, tutorialsninja@123](1)" classname="com.tests.LogoutTestTN" time="2.644"/>
</testsuite>