<?xml version="1.0" encoding="UTF-8"?>
<testsuite xmlns:xsi="http://www.w3.org/2001/XMLSchema-instance" xsi:noNamespaceSchemaLocation="https://maven.apache.org/surefire/maven-surefire-plugin/xsd/surefire-test-report.xsd" version="3.0.2" name="TestSuite" time="570.858" tests="50" errors="0" skipped="1" failures="0">
  <properties>
[...]
</properties>
  <testcase name="verifyTitleDisplayedTest" classname="com.tests.RegisterTestTN" time="0.601"/>
  <testcase name="verifyRegisterAccountMainTitleTest" classname="com.tests.RegisterTestTN" time="0.238"/>
  <testcase name="verifyRegisterAccountSubTitleTest" classname="com.tests.RegisterTestTN" time="0.188"/>
  <testcase name="verifyRegisterButtonWithoutAnyDetails" classname="com.tests.RegisterTestTN" time="1.138"/>
  <testcase name="verifyRegisterButtonWithFirstName" classname="com.tests.RegisterTestTN" time="1.247"/>
  <testcase name="verifyRegisterButtonWithLastName" classname="com.tests.RegisterTestTN" time="1.052"/>
  <testcase name="verifyRegisterButtonWithEmail" classname="com.tests.RegisterTestTN" time="0.971"/>
  <testcase name="verifyRegisterButtonWithTelephone" classname="com.tests.RegisterTestTN" time="0.886"/>
  <testcase name="verifyRegisterButtonWithPassword" classname="com.tests.RegisterTestTN" time="0.857"/>
  <testcase name="verifyRegisterButtonWithConfirmPassword" classname="com.tests.RegisterTestTN" time="1.0"/>
  <testcase name="verifyRegisterButtonWithPrivacyPolicy" classname="com.tests.RegisterTestTN" time="1.227"/>
  <testcase name="verifyRegisterButtonWithoutFirstname" classname="com.tests.RegisterTestTN" time="1.349"/>
  <testcase name="verifyRegisterButtonWithoutLastname" classname="com.tests.RegisterTestTN" time="1.157"/>
  <testcase name="verifyRegisterButtonWithoutEmail" classname="com.tests.RegisterTestTN" time="1.277"/>
  <testcase name="verifyRegisterButtonWithoutTelephone" classname="com.tests.RegisterTestTN" time="1.235"/>
  <testcase name="verifyRegisterButtonWithoutPassword" classname="com.tests.RegisterTestTN" time="1.531"/>
  <testcase name="verifyRegisterButtonWithoutConfirmPassword" classname="com.tests.RegisterTestTN" time="1.185"/>
  <testcase name="verifyRegisterButtonWithoutPrivacyPolicy" classname="com.tests.RegisterTestTN" time="1.169"/>
  <testcase name="verifyRegisterButtonWithAllDetails" classname="com.tests.RegisterTestTN" time="2.506"/>
  <testcase name="verifyTitleDisplayedTest" classname="com.tests.LoginTestTN" time="0.199"/>
  <testcase name="verifyLoginMainTitleTest" classname="com.tests.LoginTestTN" time="0.224"/>
  <testcase name="verifyLoginSubTitleTest" classname="com.tests.LoginTestTN" time="0.252"/>
  <testcase name="verifyLoginButtonWithoutAnyTest" classname="com.tests.LoginTestTN" time="0.869"/>
  <testcase name="verifyLoginButtonWithEmailTest" classname="com.tests.LoginTestTN" time="1.915"/>
  <testcase name="verifyLoginButtonWithPasswordTest" classname="com.tests.LoginTestTN" time="1.076"/>
  <testcase name="verifyLoginButtonWithInvalidDetailsTest" classname="com.tests.LoginTestTN" time="1.192"/>
  <testcase name="verifyLoginPageContinueButtonNavigationTest" classname="com.tests.LoginTestTN" time="1.28"/>
  <testcase name="verifyLoginButtonWithAllDetailsTest" classname="com.tests.LoginTestTN" time="2.251"/>
  <testcase name="verifyItemCartScenarioEmptyTest" classname="com.tests.HomeTestTN" time="0.441"/>
  <testcase name="verifyComponentDropDownTest" classname="com.tests.HomeTestTN" time="1.502"/>
  <testcase name="verifyFeatureIphoneNavigationTest" classname="com.tests.HomeTestTN" time="3.944"/>
  <testcase name="verifyInvalidsearchFeature" classname="com.tests.HomeTestTN" time="1.185"/>
  <testcase name="verifyValidsearchFeature" classname="com.tests.HomeTestTN" time="1.415"/>
  <testcase name="verifyTitleDisplayedTest" classname="com.tests.WishListTestTN" time="0.663"/>
  <testcase name="verifyWishListPageMainTitleTest" classname="com.tests.WishListTestTN" time="0.675"/>
  <testcase name="verifyWishListPageSubTitleTest" classname="com.tests.WishListTestTN" time="0.606"/>
  <testcase name="verifyAddToWishListTest" classname="com.tests.WishListTestTN" time="2.096"/>
  <testcase name="verifyAddToWishListRemoveTest" classname="com.tests.WishListTestTN" time="3.519"/>
  <testcase name="verifyTitleDisplayedTest" classname="com.tests.CheckoutTestTN" time="4.143"/>
  <testcase name="verifyCheckOutFlowTest" classname="com.tests.CheckoutTestTN" time="0.0">
    <skipped message="element click intercepted: Element &lt;input type=&quot;checkbox&quot; name=&quot;agree&quot; value=&quot;1&quot;&gt; is not clickable at point (1093, 488). Other element would receive the click: &lt;div class=&quot;panel-body&quot;&gt;...&lt;/div&gt;&#10;  (Session info: chrome=131.0.6778.86)&#10;Build info: version: &apos;4.27.0&apos;, revision: &apos;d6e718d134&apos;&#10;System info: os.name: &apos;Windows 11&apos;, os.arch: &apos;amd64&apos;, os.version: &apos;10.0&apos;, java.version: &apos;21.0.1&apos;&#10;Driver info: org.openqa.selenium.chrome.ChromeDriver&#10;Command: [25b4255cfac300a5267ddb6ef9df0ce6, clickElement {id=f.3E3E7A910BFE410B78325910B10D94EE.d.46687799688109DB3FEDEE5437D520F5.e.295}]&#10;Capabilities {acceptInsecureCerts: false, browserName: chrome, browserVersion: 131.0.6778.86, chrome: {chromedriverVersion: 131.0.6778.87 (ce31cae94873..., userDataDir: C:\Users\aksha\AppData\Loca...}, fedcm:accounts: true, goog:chromeOptions: {debuggerAddress: localhost:63075}, networkConnectionEnabled: false, pageLoadStrategy: normal, platformName: windows, proxy: Proxy(), se:cdp: ws://localhost:63075/devtoo..., se:cdpVersion: 131.0.6778.86, setWindowRect: true, strictFileInteractability: false, timeouts: {implicit: 0, pageLoad: 300000, script: 30000}, unhandledPromptBehavior: dismiss and notify, webauthn:extension:credBlob: true, webauthn:extension:largeBlob: true, webauthn:extension:minPinLength: true, webauthn:extension:prf: true, webauthn:virtualAuthenticators: true}&#10;Element: [[ChromeDriver: chrome on windows (25b4255cfac300a5267ddb6ef9df0ce6)] -&gt; xpath: //input[@type=&apos;checkbox&apos;]]&#10;Session ID: 25b4255cfac300a5267ddb6ef9df0ce6"/>
  </testcase>
  <testcase name="verifyCheckOutFlowTest" classname="com.tests.CheckoutTestTN" time="10.721"/>
  <testcase name="verifyTitleDisplayedTest" classname="com.tests.OrderHistoryTestTN" time="0.776"/>
  <testcase name="verifyOrderHistoryTest" classname="com.tests.OrderHistoryTestTN" time="1.338"/>
  <testcase name="verifyTitleDisplayedTest" classname="com.tests.ProductReturnTestTN" time="2.296"/>
  <testcase name="verifyProductReturnTest" classname="com.tests.ProductReturnTestTN" time="4.622"/>
  <testcase name="verifyTitleDisplayedTest" classname="com.tests.ShoppingCartTestTN" time="0.935"/>
  <testcase name="verifyUpdateQuantityTest" classname="com.tests.ShoppingCartTestTN" time="1.858"/>
  <testcase name="verifyEstimateShippingAndTexasTest" classname="com.tests.ShoppingCartTestTN" time="20.578"/>
  <testcase name="verifyCheckoutButtonTest" classname="com.tests.ShoppingCartTestTN" time="1.288"/>
  <testcase name="verifyTitleDisplayedTest[sundarakshayqq@gmail.com, tutorialsninja@123](1)" classname="com.tests.LogoutTestTN" time="3.175"/>
</testsuite>