<?xml version="1.0" encoding="UTF-8"?>
<testsuite name="Default test"
           tests="19"
           failures="0"
           errors="0"
           skipped="0"
           time="13.345">
    <properties></properties>



            <testcase
                name="verifyRegisterButtonWithoutPassword"
                time="1.086"
                classname="com.tests.RegisterTestTN">
            </testcase>
            <testcase
                name="verifyRegisterButtonWithoutConfirmPassword"
                time="0.719"
                classname="com.tests.RegisterTestTN">
            </testcase>
            <testcase
                name="verifyRegisterButtonWithPassword"
                time="0.531"
                classname="com.tests.RegisterTestTN">
            </testcase>
            <testcase
                name="verifyRegisterButtonWithLastName"
                time="0.573"
                classname="com.tests.RegisterTestTN">
            </testcase>
            <testcase
                name="verifyRegisterButtonWithConfirmPassword"
                time="0.582"
                classname="com.tests.RegisterTestTN">
            </testcase>
            <testcase
                name="verifyRegisterButtonWithPrivacyPolicy"
                time="0.541"
                classname="com.tests.RegisterTestTN">
            </testcase>
            <testcase
                name="verifyRegisterButtonWithoutEmail"
                time="1.019"
                classname="com.tests.RegisterTestTN">
            </testcase>
            <testcase
                name="verifyRegisterAccountMainTitleTest"
                time="0.047"
                classname="com.tests.RegisterTestTN">
            </testcase>
            <testcase
                name="verifyRegisterButtonWithFirstName"
                time="0.572"
                classname="com.tests.RegisterTestTN">
            </testcase>
            <testcase
                name="verifyTitleDisplayedTest"
                time="0.026"
                classname="com.tests.RegisterTestTN">
            </testcase>
            <testcase
                name="verifyRegisterButtonWithAllDetails"
                time="2.120"
                classname="com.tests.RegisterTestTN">
            </testcase>
            <testcase
                name="verifyRegisterButtonWithoutAnyDetails"
                time="0.620"
                classname="com.tests.RegisterTestTN">
            </testcase>
            <testcase
                name="verifyRegisterAccountSubTitleTest"
                time="0.030"
                classname="com.tests.RegisterTestTN">
            </testcase>
            <testcase
                name="verifyRegisterButtonWithoutTelephone"
                time="0.704"
                classname="com.tests.RegisterTestTN">
            </testcase>
            <testcase
                name="verifyRegisterButtonWithoutFirstname"
                time="1.131"
                classname="com.tests.RegisterTestTN">
            </testcase>
            <testcase
                name="verifyRegisterButtonWithEmail"
                time="0.669"
                classname="com.tests.RegisterTestTN">
            </testcase>
            <testcase
                name="verifyRegisterButtonWithoutLastname"
                time="0.743"
                classname="com.tests.RegisterTestTN">
            </testcase>
            <testcase
                name="verifyRegisterButtonWithTelephone"
                time="0.903"
                classname="com.tests.RegisterTestTN">
            </testcase>
            <testcase
                name="verifyRegisterButtonWithoutPrivacyPolicy"
                time="0.729"
                classname="com.tests.RegisterTestTN">
            </testcase>
</testsuite>
