<?xml version="1.0" encoding="UTF-8"?>
<testsuite name="Default test"
           tests="2"
           failures="0"
           errors="0"
           skipped="0"
           time="5.720">
    <properties></properties>



            <testcase
                name="verifyProductReturnTest"
                time="3.239"
                classname="com.tests.ProductReturnTN">
            </testcase>
            <testcase
                name="verifyTitleDisplayedTest"
                time="2.481"
                classname="com.tests.ProductReturnTN">
            </testcase>
</testsuite>
