<?xml version="1.0" encoding="UTF-8"?>
<testng-results ignored="0" total="1" passed="1" failed="0" skipped="0">
  <reporter-output>
  </reporter-output>
  <suite started-at="2024-12-05T21:13:43 CST" name="Default suite" finished-at="2024-12-05T21:13:53 CST" duration-ms="9707">
    <groups>
    </groups>
    <test started-at="2024-12-05T21:13:43 CST" name="Default test" finished-at="2024-12-05T21:13:53 CST" duration-ms="9707">
      <class name="com.tests.LoginTestTN">
        <test-method is-config="true" signature="browserInitialise()[pri:0, instance:com.tests.LoginTestTN@247bddad]" started-at="2024-12-05T21:13:43 CST" name="browserInitialise" finished-at="2024-12-05T21:13:51 CST" duration-ms="7785" status="PASS">
          <reporter-output>
          </reporter-output>
        </test-method> <!-- browserInitialise -->
        <test-method is-config="true" signature="PreExecutionModule()[pri:0, instance:com.tests.LoginTestTN@247bddad]" started-at="2024-12-05T21:13:51 CST" name="PreExecutionModule" finished-at="2024-12-05T21:13:52 CST" duration-ms="376" status="PASS">
          <reporter-output>
          </reporter-output>
        </test-method> <!-- PreExecutionModule -->
        <test-method signature="verifyLoginButtonWithInvalidDetailsTest()[pri:7, instance:com.tests.LoginTestTN@247bddad]" started-at="2024-12-05T21:13:52 CST" name="verifyLoginButtonWithInvalidDetailsTest" finished-at="2024-12-05T21:13:53 CST" duration-ms="1252" status="PASS">
          <reporter-output>
          </reporter-output>
        </test-method> <!-- verifyLoginButtonWithInvalidDetailsTest -->
        <test-method is-config="true" signature="browserQuit()[pri:0, instance:com.tests.LoginTestTN@247bddad]" started-at="2024-12-05T21:13:53 CST" name="browserQuit" finished-at="2024-12-05T21:13:53 CST" duration-ms="227" status="PASS">
          <reporter-output>
          </reporter-output>
        </test-method> <!-- browserQuit -->
      </class> <!-- com.tests.LoginTestTN -->
    </test> <!-- Default test -->
  </suite> <!-- Default suite -->
</testng-results>
