<?xml version="1.0" encoding="UTF-8"?>
<testsuite name="Test"
           tests="2"
           failures="0"
           errors="0"
           skipped="0"
           time="1.748">
    <properties></properties>



            <testcase
                name="verifyTitleDisplayedTest"
                time="0.610"
                classname="com.tests.OrderHistoryTestTN">
            </testcase>
            <testcase
                name="verifyOrderHistoryTest"
                time="1.138"
                classname="com.tests.OrderHistoryTestTN">
            </testcase>
</testsuite>
