<?xml version="1.0" encoding="UTF-8"?>
<testsuite name="Test"
           tests="5"
           failures="0"
           errors="0"
           skipped="0"
           time="6.717">
    <properties></properties>



            <testcase
                name="verifyTitleDisplayedTest"
                time="0.494"
                classname="com.tests.WishListTestTN">
            </testcase>
            <testcase
                name="verifyAddToWishListRemoveTest"
                time="3.340"
                classname="com.tests.WishListTestTN">
            </testcase>
            <testcase
                name="verifyAddToWishListTest"
                time="1.907"
                classname="com.tests.WishListTestTN">
            </testcase>
            <testcase
                name="verifyWishListPageMainTitleTest"
                time="0.503"
                classname="com.tests.WishListTestTN">
            </testcase>
            <testcase
                name="verifyWishListPageSubTitleTest"
                time="0.473"
                classname="com.tests.WishListTestTN">
            </testcase>
</testsuite>
