<?xml version="1.0" encoding="UTF-8"?>
<testsuite name="Test"
           tests="4"
           failures="0"
           errors="0"
           skipped="0"
           time="23.716">
    <properties></properties>



            <testcase
                name="verifyTitleDisplayedTest"
                time="0.709"
                classname="com.tests.ShoppingCartTestTN">
            </testcase>
            <testcase
                name="verifyUpdateQuantityTest"
                time="1.590"
                classname="com.tests.ShoppingCartTestTN">
            </testcase>
            <testcase
                name="verifyCheckoutButtonTest"
                time="1.069"
                classname="com.tests.ShoppingCartTestTN">
            </testcase>
            <testcase
                name="verifyEstimateShippingAndTexasTest"
                time="20.348"
                classname="com.tests.ShoppingCartTestTN">
            </testcase>
</testsuite>
