<?xml version="1.0" encoding="UTF-8"?>
<testsuite name="Test"
           tests="4"
           failures="0"
           errors="0"
           skipped="0"
           time="21.462">
    <properties></properties>



            <testcase
                name="verifyUpdateQuantityTest"
                time="1.380"
                classname="com.tests.ShoppingCartTestTN">
            </testcase>
            <testcase
                name="verifyTitleDisplayedTest"
                time="0.699"
                classname="com.tests.ShoppingCartTestTN">
            </testcase>
            <testcase
                name="verifyCheckoutButtonTest"
                time="0.946"
                classname="com.tests.ShoppingCartTestTN">
            </testcase>
            <testcase
                name="verifyEstimateShippingAndTexasTest"
                time="18.437"
                classname="com.tests.ShoppingCartTestTN">
            </testcase>
</testsuite>
