<?xml version="1.0" encoding="UTF-8"?>
<testsuite name="Test"
           tests="9"
           failures="0"
           errors="0"
           skipped="0"
           time="7.819">
    <properties></properties>



            <testcase
                name="verifyLoginButtonWithPasswordTest"
                time="1.003"
                classname="com.tests.LoginTestTN">
            </testcase>
            <testcase
                name="verifyLoginButtonWithInvalidDetailsTest"
                time="1.076"
                classname="com.tests.LoginTestTN">
            </testcase>
            <testcase
                name="verifyTitleDisplayedTest"
                time="0.014"
                classname="com.tests.LoginTestTN">
            </testcase>
            <testcase
                name="verifyLoginPageContinueButtonNavigationTest"
                time="1.107"
                classname="com.tests.LoginTestTN">
            </testcase>
            <testcase
                name="verifyLoginButtonWithEmailTest"
                time="1.756"
                classname="com.tests.LoginTestTN">
            </testcase>
            <testcase
                name="verifyLoginButtonWithoutAnyTest"
                time="0.727"
                classname="com.tests.LoginTestTN">
            </testcase>
            <testcase
                name="verifyLoginMainTitleTest"
                time="0.053"
                classname="com.tests.LoginTestTN">
            </testcase>
            <testcase
                name="verifyLoginSubTitleTest"
                time="0.045"
                classname="com.tests.LoginTestTN">
            </testcase>
            <testcase
                name="verifyLoginButtonWithAllDetailsTest"
                time="2.038"
                classname="com.tests.LoginTestTN">
            </testcase>
</testsuite>
