<?xml version="1.0" encoding="UTF-8"?>
<testsuite name="Test"
           tests="19"
           failures="0"
           errors="0"
           skipped="0"
           time="15.561">
    <properties></properties>



            <testcase
                name="verifyRegisterButtonWithoutPassword"
                time="0.837"
                classname="com.tests.RegisterTestTN">
            </testcase>
            <testcase
                name="verifyRegisterButtonWithoutEmail"
                time="0.857"
                classname="com.tests.RegisterTestTN">
            </testcase>
            <testcase
                name="verifyRegisterButtonWithAllDetails"
                time="2.070"
                classname="com.tests.RegisterTestTN">
            </testcase>
            <testcase
                name="verifyRegisterButtonWithLastName"
                time="0.755"
                classname="com.tests.RegisterTestTN">
            </testcase>
            <testcase
                name="verifyRegisterButtonWithoutFirstname"
                time="1.056"
                classname="com.tests.RegisterTestTN">
            </testcase>
            <testcase
                name="verifyRegisterButtonWithFirstName"
                time="0.640"
                classname="com.tests.RegisterTestTN">
            </testcase>
            <testcase
                name="verifyRegisterButtonWithEmail"
                time="0.766"
                classname="com.tests.RegisterTestTN">
            </testcase>
            <testcase
                name="verifyRegisterButtonWithPassword"
                time="0.615"
                classname="com.tests.RegisterTestTN">
            </testcase>
            <testcase
                name="verifyRegisterButtonWithPrivacyPolicy"
                time="1.717"
                classname="com.tests.RegisterTestTN">
            </testcase>
            <testcase
                name="verifyRegisterButtonWithoutPrivacyPolicy"
                time="0.890"
                classname="com.tests.RegisterTestTN">
            </testcase>
            <testcase
                name="verifyRegisterButtonWithoutConfirmPassword"
                time="0.835"
                classname="com.tests.RegisterTestTN">
            </testcase>
            <testcase
                name="verifyRegisterButtonWithTelephone"
                time="0.648"
                classname="com.tests.RegisterTestTN">
            </testcase>
            <testcase
                name="verifyRegisterButtonWithoutTelephone"
                time="0.933"
                classname="com.tests.RegisterTestTN">
            </testcase>
            <testcase
                name="verifyRegisterButtonWithConfirmPassword"
                time="0.808"
                classname="com.tests.RegisterTestTN">
            </testcase>
            <testcase
                name="verifyRegisterButtonWithoutAnyDetails"
                time="1.080"
                classname="com.tests.RegisterTestTN">
            </testcase>
            <testcase
                name="verifyTitleDisplayedTest"
                time="0.037"
                classname="com.tests.RegisterTestTN">
            </testcase>
            <testcase
                name="verifyRegisterAccountSubTitleTest"
                time="0.051"
                classname="com.tests.RegisterTestTN">
            </testcase>
            <testcase
                name="verifyRegisterAccountMainTitleTest"
                time="0.096"
                classname="com.tests.RegisterTestTN">
            </testcase>
            <testcase
                name="verifyRegisterButtonWithoutLastname"
                time="0.870"
                classname="com.tests.RegisterTestTN">
            </testcase>
</testsuite>
