<?xml version="1.0" encoding="UTF-8"?>
<testsuite name="Test"
           tests="5"
           failures="0"
           errors="0"
           skipped="0"
           time="7.443">
    <properties></properties>



            <testcase
                name="verifyInvalidsearchFeature"
                time="0.999"
                classname="com.tests.HomeTestTN">
            </testcase>
            <testcase
                name="verifyFeatureIphoneNavigationTest"
                time="3.568"
                classname="com.tests.HomeTestTN">
            </testcase>
            <testcase
                name="verifyComponentDropDownTest"
                time="1.338"
                classname="com.tests.HomeTestTN">
            </testcase>
            <testcase
                name="verifyItemCartScenarioEmptyTest"
                time="0.319"
                classname="com.tests.HomeTestTN">
            </testcase>
            <testcase
                name="verifyValidsearchFeature"
                time="1.219"
                classname="com.tests.HomeTestTN">
            </testcase>
</testsuite>
